# JRE version: OpenJDK Runtime Environment (7.0_95) (build 1.7.0_95-b00)
# Java VM: OpenJDK 64-Bit Server VM (24.95-b01 mixed mode linux-amd64 compressed oops)
Heap
 PSYoungGen      total 69632K, used 4945K [0x00000007d6d00000, 0x00000007db600000, 0x0000000800000000)
  eden space 64512K, 7% used [0x00000007d6d00000,0x00000007d71d4700,0x00000007dac00000)
  from space 5120K, 0% used [0x00000007db100000,0x00000007db100000,0x00000007db600000)
  to   space 5120K, 0% used [0x00000007dac00000,0x00000007dac00000,0x00000007db100000)
 ParOldGen       total 83968K, used 65574K [0x0000000784800000, 0x0000000789a00000, 0x00000007d6d00000)
  object space 83968K, 78% used [0x0000000784800000,0x0000000788809ac8,0x0000000789a00000)
 PSPermGen       total 21504K, used 10547K [0x000000077a200000, 0x000000077b700000, 0x0000000784800000)
  object space 21504K, 49% used [0x000000077a200000,0x000000077ac4cf90,0x000000077b700000)
GC Heap History (10 events):
Event: 0,514 GC heap before
{Heap before GC invocations=2 (full 1):
 PSYoungGen      total 37376K, used 1170K [0x00000007d6d00000, 0x00000007d9680000, 0x0000000800000000)
  eden space 32256K, 0% used [0x00000007d6d00000,0x00000007d6d00000,0x00000007d8c80000)
  from space 5120K, 22% used [0x00000007d8c80000,0x00000007d8da4820,0x00000007d9180000)
  to   space 5120K, 0% used [0x00000007d9180000,0x00000007d9180000,0x00000007d9680000)
 ParOldGen       total 83968K, used 0K [0x0000000784800000, 0x0000000789a00000, 0x00000007d6d00000)
  object space 83968K, 0% used [0x0000000784800000,0x0000000784800000,0x0000000789a00000)
 PSPermGen       total 21504K, used 8861K [0x000000077a200000, 0x000000077b700000, 0x0000000784800000)
  object space 21504K, 41% used [0x000000077a200000,0x000000077aaa7608,0x000000077b700000)
Event: 0,583 GC heap after
Heap after GC invocations=2 (full 1):
 PSYoungGen      total 37376K, used 0K [0x00000007d6d00000, 0x00000007d9680000, 0x0000000800000000)
  eden space 32256K, 0% used [0x00000007d6d00000,0x00000007d6d00000,0x00000007d8c80000)
  from space 5120K, 0% used [0x00000007d8c80000,0x00000007d8c80000,0x00000007d9180000)
  to   space 5120K, 0% used [0x00000007d9180000,0x00000007d9180000,0x00000007d9680000)
 ParOldGen       total 83968K, used 1070K [0x0000000784800000, 0x0000000789a00000, 0x00000007d6d00000)
  object space 83968K, 1% used [0x0000000784800000,0x000000078490bb30,0x0000000789a00000)
 PSPermGen       total 21504K, used 8859K [0x000000077a200000, 0x000000077b700000, 0x0000000784800000)
  object space 21504K, 41% used [0x000000077a200000,0x000000077aaa6d28,0x000000077b700000)
}
Event: 1,019 GC heap before
{Heap before GC invocations=3 (full 1):
 PSYoungGen      total 37376K, used 32256K [0x00000007d6d00000, 0x00000007d9680000, 0x0000000800000000)
  eden space 32256K, 100% used [0x00000007d6d00000,0x00000007d8c80000,0x00000007d8c80000)
  from space 5120K, 0% used [0x00000007d8c80000,0x00000007d8c80000,0x00000007d9180000)
  to   space 5120K, 0% used [0x00000007d9180000,0x00000007d9180000,0x00000007d9680000)
 ParOldGen       total 83968K, used 1070K [0x0000000784800000, 0x0000000789a00000, 0x00000007d6d00000)
  object space 83968K, 1% used [0x0000000784800000,0x000000078490bb30,0x0000000789a00000)
 PSPermGen       total 21504K, used 10041K [0x000000077a200000, 0x000000077b700000, 0x0000000784800000)
  object space 21504K, 46% used [0x000000077a200000,0x000000077abce5e8,0x000000077b700000)
Event: 1,025 GC heap after
Heap after GC invocations=3 (full 1):
 PSYoungGen      total 37376K, used 5108K [0x00000007d6d00000, 0x00000007db600000, 0x0000000800000000)
  eden space 32256K, 0% used [0x00000007d6d00000,0x00000007d6d00000,0x00000007d8c80000)
  from space 5120K, 99% used [0x00000007d9180000,0x00000007d967d280,0x00000007d9680000)
  to   space 5120K, 0% used [0x00000007d8c80000,0x00000007d8c80000,0x00000007d9180000)
 ParOldGen       total 83968K, used 8521K [0x0000000784800000, 0x0000000789a00000, 0x00000007d6d00000)
  object space 83968K, 10% used [0x0000000784800000,0x0000000785052790,0x0000000789a00000)
 PSPermGen       total 21504K, used 10041K [0x000000077a200000, 0x000000077b700000, 0x0000000784800000)
  object space 21504K, 46% used [0x000000077a200000,0x000000077abce5e8,0x000000077b700000)
}
Event: 1,447 GC heap before
{Heap before GC invocations=4 (full 1):
 PSYoungGen      total 37376K, used 37364K [0x00000007d6d00000, 0x00000007db600000, 0x0000000800000000)
  eden space 32256K, 100% used [0x00000007d6d00000,0x00000007d8c80000,0x00000007d8c80000)
  from space 5120K, 99% used [0x00000007d9180000,0x00000007d967d280,0x00000007d9680000)
  to   space 5120K, 0% used [0x00000007d8c80000,0x00000007d8c80000,0x00000007d9180000)
 ParOldGen       total 83968K, used 8521K [0x0000000784800000, 0x0000000789a00000, 0x00000007d6d00000)
  object space 83968K, 10% used [0x0000000784800000,0x0000000785052790,0x0000000789a00000)
 PSPermGen       total 21504K, used 10214K [0x000000077a200000, 0x000000077b700000, 0x0000000784800000)
  object space 21504K, 47% used [0x000000077a200000,0x000000077abf9850,0x000000077b700000)
Event: 1,464 GC heap after
Heap after GC invocations=4 (full 1):
 PSYoungGen      total 37376K, used 5112K [0x00000007d6d00000, 0x00000007db600000, 0x0000000800000000)
  eden space 32256K, 0% used [0x00000007d6d00000,0x00000007d6d00000,0x00000007d8c80000)
  from space 5120K, 99% used [0x00000007d8c80000,0x00000007d917e2f0,0x00000007d9180000)
  to   space 5120K, 0% used [0x00000007db100000,0x00000007db100000,0x00000007db600000)
 ParOldGen       total 83968K, used 30616K [0x0000000784800000, 0x0000000789a00000, 0x00000007d6d00000)
  object space 83968K, 36% used [0x0000000784800000,0x00000007865e6190,0x0000000789a00000)
 PSPermGen       total 21504K, used 10214K [0x000000077a200000, 0x000000077b700000, 0x0000000784800000)
  object space 21504K, 47% used [0x000000077a200000,0x000000077abf9850,0x000000077b700000)
}
Event: 1,505 GC heap before
{Heap before GC invocations=5 (full 1):
 PSYoungGen      total 37376K, used 36182K [0x00000007d6d00000, 0x00000007db600000, 0x0000000800000000)
  eden space 32256K, 96% used [0x00000007d6d00000,0x00000007d8b57838,0x00000007d8c80000)
  from space 5120K, 99% used [0x00000007d8c80000,0x00000007d917e2f0,0x00000007d9180000)
  to   space 5120K, 0% used [0x00000007db100000,0x00000007db100000,0x00000007db600000)
 ParOldGen       total 83968K, used 30616K [0x0000000784800000, 0x0000000789a00000, 0x00000007d6d00000)
  object space 83968K, 36% used [0x0000000784800000,0x00000007865e6190,0x0000000789a00000)
 PSPermGen       total 21504K, used 10360K [0x000000077a200000, 0x000000077b700000, 0x0000000784800000)
  object space 21504K, 48% used [0x000000077a200000,0x000000077ac1e258,0x000000077b700000)
Event: 1,538 GC heap after
Heap after GC invocations=5 (full 1):
 PSYoungGen      total 69632K, used 5112K [0x00000007d6d00000, 0x00000007db600000, 0x0000000800000000)
  eden space 64512K, 0% used [0x00000007d6d00000,0x00000007d6d00000,0x00000007dac00000)
  from space 5120K, 99% used [0x00000007db100000,0x00000007db5fe2c0,0x00000007db600000)
  to   space 5120K, 0% used [0x00000007dac00000,0x00000007dac00000,0x00000007db100000)
 ParOldGen       total 83968K, used 60768K [0x0000000784800000, 0x0000000789a00000, 0x00000007d6d00000)
  object space 83968K, 72% used [0x0000000784800000,0x00000007883581c0,0x0000000789a00000)
 PSPermGen       total 21504K, used 10360K [0x000000077a200000, 0x000000077b700000, 0x0000000784800000)
  object space 21504K, 48% used [0x000000077a200000,0x000000077ac1e258,0x000000077b700000)
}
Event: 1,538 GC heap before
{Heap before GC invocations=6 (full 2):
 PSYoungGen      total 69632K, used 5112K [0x00000007d6d00000, 0x00000007db600000, 0x0000000800000000)
  eden space 64512K, 0% used [0x00000007d6d00000,0x00000007d6d00000,0x00000007dac00000)
  from space 5120K, 99% used [0x00000007db100000,0x00000007db5fe2c0,0x00000007db600000)
  to   space 5120K, 0% used [0x00000007dac00000,0x00000007dac00000,0x00000007db100000)
 ParOldGen       total 83968K, used 60768K [0x0000000784800000, 0x0000000789a00000, 0x00000007d6d00000)
  object space 83968K, 72% used [0x0000000784800000,0x00000007883581c0,0x0000000789a00000)
 PSPermGen       total 21504K, used 10360K [0x000000077a200000, 0x000000077b700000, 0x0000000784800000)
  object space 21504K, 48% used [0x000000077a200000,0x000000077ac1e258,0x000000077b700000)
Event: 1,902 GC heap after
Heap after GC invocations=6 (full 2):
 PSYoungGen      total 69632K, used 0K [0x00000007d6d00000, 0x00000007db600000, 0x0000000800000000)
  eden space 64512K, 0% used [0x00000007d6d00000,0x00000007d6d00000,0x00000007dac00000)
  from space 5120K, 0% used [0x00000007db100000,0x00000007db100000,0x00000007db600000)
  to   space 5120K, 0% used [0x00000007dac00000,0x00000007dac00000,0x00000007db100000)
 ParOldGen       total 83968K, used 65574K [0x0000000784800000, 0x0000000789a00000, 0x00000007d6d00000)
  object space 83968K, 78% used [0x0000000784800000,0x0000000788809ac8,0x0000000789a00000)
 PSPermGen       total 21504K, used 10360K [0x000000077a200000, 0x000000077b700000, 0x0000000784800000)
  object space 21504K, 48% used [0x000000077a200000,0x000000077ac1e200,0x000000077b700000)
}

